<?xml version="1.0" encoding="UTF-8"?>
<!-- Generated by org.testng.reporters.JUnitXMLReporter -->
<testsuite ignored="0" hostname="MININT-J6FPSUI" failures="0" tests="4" name="Test" time="23.569" errors="0" timestamp="2021-05-11T16:06:16 NPT">
  <testcase classname="Academy.ValidateNavigationPanelTest" name="BasePageNavigation" time="0.09"/>
  <testcase classname="Academy.HomePageTest" name="BasePageNavigation" time="1.325"/>
  <testcase classname="Academy.HomePageTest" name="BasePageNavigation" time="1.221"/>
  <testcase classname="Academy.ValidateTitleTest" name="BasePageNavigation" time="0.043"/>
</testsuite> <!-- Test -->
