<?xml version="1.0" encoding="UTF-8"?>
<!-- Generated by org.testng.reporters.JUnitXMLReporter -->
<testsuite hostname="MININT-J6FPSUI" ignored="0" name="Test" tests="4" failures="0" timestamp="2021-05-11T16:07:14 NPT" time="26.998" errors="0">
  <testcase name="BasePageNavigation" time="0.106" classname="Academy.ValidateNavigationPanelTest"/>
  <testcase name="BasePageNavigation" time="1.57" classname="Academy.HomePageTest"/>
  <testcase name="BasePageNavigation" time="1.466" classname="Academy.HomePageTest"/>
  <testcase name="BasePageNavigation" time="0.04" classname="Academy.ValidateTitleTest"/>
</testsuite> <!-- Test -->
