<?xml version="1.0" encoding="UTF-8"?>
<!-- Generated by org.testng.reporters.JUnitXMLReporter -->
<testsuite hostname="MININT-J6FPSUI" ignored="0" name="Validate Navigation Panel Test" tests="3" failures="0" timestamp="2021-05-11T22:17:12 NPT" time="29.272" errors="0">
  <testcase name="validateTitle" time="0.1" classname="Academy.ValidateTitleTest"/>
  <testcase name="BasePageNavigation" time="3.955" classname="Academy.HomePageTest"/>
  <testcase name="validateNavigationPanel" time="0.13" classname="Academy.ValidateNavigationPanelTest"/>
</testsuite> <!-- Validate Navigation Panel Test -->
