<?xml version="1.0" encoding="UTF-8"?>
<testng-results skipped="0" failed="0" ignored="0" total="3" passed="3">
  <reporter-output>
  </reporter-output>
  <suite name="Suite" duration-ms="36963" started-at="2021-05-11T22:16:41 NPT" finished-at="2021-05-11T22:17:18 NPT">
    <groups>
    </groups>
    <test name="Validate Navigation Panel Test" duration-ms="29272" started-at="2021-05-11T22:16:41 NPT" finished-at="2021-05-11T22:17:10 NPT">
      <class name="Academy.ValidateNavigationPanelTest">
        <test-method status="PASS" signature="initialize()[pri:0, instance:Academy.ValidateNavigationPanelTest@44821a96]" name="initialize" is-config="true" duration-ms="24213" started-at="2021-05-11T22:16:41 NPT" finished-at="2021-05-11T22:17:05 NPT">
          <reporter-output>
          </reporter-output>
        </test-method> <!-- initialize -->
        <test-method status="PASS" signature="validateNavigationPanel()[pri:0, instance:Academy.ValidateNavigationPanelTest@44821a96]" name="validateNavigationPanel" duration-ms="130" started-at="2021-05-11T22:17:05 NPT" finished-at="2021-05-11T22:17:06 NPT">
          <reporter-output>
          </reporter-output>
        </test-method> <!-- validateNavigationPanel -->
        <test-method status="PASS" signature="teardown()[pri:0, instance:Academy.ValidateNavigationPanelTest@44821a96]" name="teardown" is-config="true" duration-ms="4883" started-at="2021-05-11T22:17:06 NPT" finished-at="2021-05-11T22:17:10 NPT">
          <reporter-output>
          </reporter-output>
        </test-method> <!-- teardown -->
      </class> <!-- Academy.ValidateNavigationPanelTest -->
    </test> <!-- Validate Navigation Panel Test -->
    <test name="ValidateHomePage" duration-ms="36963" started-at="2021-05-11T22:16:41 NPT" finished-at="2021-05-11T22:17:18 NPT">
      <class name="Academy.HomePageTest">
        <test-method status="PASS" signature="initialize()[pri:0, instance:Academy.HomePageTest@d29f28]" name="initialize" is-config="true" duration-ms="16651" started-at="2021-05-11T22:16:41 NPT" finished-at="2021-05-11T22:16:58 NPT">
          <reporter-output>
          </reporter-output>
        </test-method> <!-- initialize -->
        <test-method status="PASS" signature="BasePageNavigation(java.lang.String, java.lang.String, java.lang.String)[pri:0, instance:Academy.HomePageTest@d29f28]" name="BasePageNavigation" duration-ms="3955" started-at="2021-05-11T22:16:58 NPT" data-provider="getData" finished-at="2021-05-11T22:17:02 NPT">
          <params>
            <param index="0">
              <value>
                <![CDATA[nonrestricteduser@qw.com]]>
              </value>
            </param>
            <param index="1">
              <value>
                <![CDATA[123456]]>
              </value>
            </param>
            <param index="2">
              <value>
                <![CDATA[non restricted user]]>
              </value>
            </param>
          </params>
          <reporter-output>
          </reporter-output>
        </test-method> <!-- BasePageNavigation -->
        <test-method status="PASS" signature="teardown()[pri:0, instance:Academy.HomePageTest@d29f28]" name="teardown" is-config="true" duration-ms="1461" started-at="2021-05-11T22:17:02 NPT" finished-at="2021-05-11T22:17:03 NPT">
          <reporter-output>
          </reporter-output>
        </test-method> <!-- teardown -->
        <test-method status="PASS" signature="initialize()[pri:0, instance:Academy.HomePageTest@d29f28]" name="initialize" is-config="true" duration-ms="12714" started-at="2021-05-11T22:17:03 NPT" finished-at="2021-05-11T22:17:16 NPT">
          <reporter-output>
          </reporter-output>
        </test-method> <!-- initialize -->
        <test-method status="PASS" signature="BasePageNavigation(java.lang.String, java.lang.String, java.lang.String)[pri:0, instance:Academy.HomePageTest@d29f28]" name="BasePageNavigation" duration-ms="1949" started-at="2021-05-11T22:17:16 NPT" data-provider="getData" finished-at="2021-05-11T22:17:18 NPT">
          <params>
            <param index="0">
              <value>
                <![CDATA[restricteduser@qw.com]]>
              </value>
            </param>
            <param index="1">
              <value>
                <![CDATA[456789]]>
              </value>
            </param>
            <param index="2">
              <value>
                <![CDATA[restricted user]]>
              </value>
            </param>
          </params>
          <reporter-output>
          </reporter-output>
        </test-method> <!-- BasePageNavigation -->
        <test-method status="PASS" signature="teardown()[pri:0, instance:Academy.HomePageTest@d29f28]" name="teardown" is-config="true" duration-ms="185" started-at="2021-05-11T22:17:18 NPT" finished-at="2021-05-11T22:17:18 NPT">
          <reporter-output>
          </reporter-output>
        </test-method> <!-- teardown -->
      </class> <!-- Academy.HomePageTest -->
    </test> <!-- ValidateHomePage -->
  </suite> <!-- Suite -->
</testng-results>
