<?xml version="1.0" encoding="UTF-8"?>
<testng-results ignored="0" total="2" passed="2" failed="0" skipped="0">
  <reporter-output>
  </reporter-output>
  <suite started-at="2021-05-11T23:02:46 NPT" name="Default suite" finished-at="2021-05-11T23:02:51 NPT" duration-ms="5510">
    <groups>
    </groups>
    <test started-at="2021-05-11T23:02:46 NPT" name="Default test" finished-at="2021-05-11T23:02:51 NPT" duration-ms="5510">
      <class name="Academy.ValidateTitleTest">
        <test-method is-config="true" signature="initialize()[pri:0, instance:Academy.ValidateTitleTest@3212a8d7]" started-at="2021-05-11T23:02:46 NPT" name="initialize" finished-at="2021-05-11T23:02:51 NPT" duration-ms="5057" status="PASS">
          <reporter-output>
          </reporter-output>
        </test-method> <!-- initialize -->
        <test-method signature="validateTitle()[pri:0, instance:Academy.ValidateTitleTest@3212a8d7]" started-at="2021-05-11T23:02:51 NPT" name="validateTitle" finished-at="2021-05-11T23:02:51 NPT" duration-ms="101" status="PASS">
          <reporter-output>
          </reporter-output>
        </test-method> <!-- validateTitle -->
        <test-method signature="validatezHeader()[pri:0, instance:Academy.ValidateTitleTest@3212a8d7]" started-at="2021-05-11T23:02:51 NPT" name="validatezHeader" finished-at="2021-05-11T23:02:51 NPT" duration-ms="38" status="PASS">
          <reporter-output>
          </reporter-output>
        </test-method> <!-- validatezHeader -->
        <test-method is-config="true" signature="teardown()[pri:0, instance:Academy.ValidateTitleTest@3212a8d7]" started-at="2021-05-11T23:02:51 NPT" name="teardown" finished-at="2021-05-11T23:02:51 NPT" duration-ms="239" status="PASS">
          <reporter-output>
          </reporter-output>
        </test-method> <!-- teardown -->
      </class> <!-- Academy.ValidateTitleTest -->
    </test> <!-- Default test -->
  </suite> <!-- Default suite -->
</testng-results>
